2024-04-18 12:35:48,074 - DEBUG - environ({'ALLUSERSPROFILE': 'C:\\ProgramData', 'APPDATA': 'C:\\Users\\cyrus\\AppData\\Roaming', 'COMMONPROGRAMFILES': 'C:\\Program Files\\Common Files', 'COMMONPROGRAMFILES(X86)': 'C:\\Program Files (x86)\\Common Files', 'COMMONPROGRAMW6432': 'C:\\Program Files\\Common Files', 'COMPUTERNAME': 'WIN-CTRDOI8HHRK', 'COMSPEC': 'C:\\WINDOWS\\system32\\cmd.exe', 'DRIVERDATA': 'C:\\Windows\\System32\\Drivers\\DriverData', 'EFC_14576': '1', 'FPS_BROWSER_APP_PROFILE_STRING': 'Internet Explorer', 'FPS_BROWSER_USER_PROFILE_STRING': 'Default', 'HOMEDRIVE': 'C:', 'HOMEPATH': '\\Users\\cyrus', 'LOCALAPPDATA': 'C:\\Users\\cyrus\\AppData\\Local', 'LOGONSERVER': '\\\\WIN-CTRDOI8HHRK', 'NUMBER_OF_PROCESSORS': '12', 'ONEDRIVE': 'C:\\Users\\cyrus\\OneDrive', 'ONEDRIVECONSUMER': 'C:\\Users\\cyrus\\OneDrive', 'OS': 'Windows_NT', 'PATH': 'C:\\Users\\cyrus\\AppData\\Local\\Temp\\_MEI86362\\PyQt5\\Qt5\\bin;C:\\Users\\cyrus\\AppData\\Local\\Temp\\_MEI86362;C:\\Program Files\\Eclipse Adoptium\\jdk-21.0.2.13-hotspot\\bin;C:\\WINDOWS\\system32;C:\\WINDOWS;C:\\WINDOWS\\System32\\Wbem;C:\\WINDOWS\\System32\\WindowsPowerShell\\v1.0\\;C:\\WINDOWS\\System32\\OpenSSH\\;C:\\Program Files\\Git\\cmd;C:\\Users\\cyrus\\AppData\\Local\\Microsoft\\WindowsApps;C:\\Users\\cyrus\\AppData\\Local\\Programs\\Microsoft VS Code\\bin;C:\\Users\\cyrus\\AppData\\Local\\GitHubDesktop\\bin;C:\\Users\\cyrus\\AppData\\Local\\Temp\\_MEI86362\\pygame', 'PATHEXT': '.COM;.EXE;.BAT;.CMD;.VBS;.VBE;.JS;.JSE;.WSF;.WSH;.MSC', 'PROCESSOR_ARCHITECTURE': 'AMD64', 'PROCESSOR_IDENTIFIER': 'Intel64 Family 6 Model 154 Stepping 4, GenuineIntel', 'PROCESSOR_LEVEL': '6', 'PROCESSOR_REVISION': '9a04', 'PROGRAMDATA': 'C:\\ProgramData', 'PROGRAMFILES': 'C:\\Program Files', 'PROGRAMFILES(X86)': 'C:\\Program Files (x86)', 'PROGRAMW6432': 'C:\\Program Files', 'PSMODULEPATH': 'C:\\Program Files\\WindowsPowerShell\\Modules;C:\\WINDOWS\\system32\\WindowsPowerShell\\v1.0\\Modules', 'PUBLIC': 'C:\\Users\\Public', 'SESSIONNAME': 'Console', 'SYSTEMDRIVE': 'C:', 'SYSTEMROOT': 'C:\\WINDOWS', 'TEMP': 'C:\\Users\\cyrus\\AppData\\Local\\Temp', 'TMP': 'C:\\Users\\cyrus\\AppData\\Local\\Temp', 'USERDOMAIN': 'WIN-CTRDOI8HHRK', 'USERDOMAIN_ROAMINGPROFILE': 'WIN-CTRDOI8HHRK', 'USERNAME': 'cyrus', 'USERPROFILE': 'C:\\Users\\cyrus', 'WINDIR': 'C:\\WINDOWS', 'ZES_ENABLE_SYSMAN': '1', '__COMPAT_LAYER': 'DetectorsAppHealth', 'TCL_LIBRARY': 'C:\\Users\\cyrus\\AppData\\Local\\Temp\\_MEI86362\\tcl', 'TK_LIBRARY': 'C:\\Users\\cyrus\\AppData\\Local\\Temp\\_MEI86362\\tk', 'QT_PLUGIN_PATH': 'C:\\Users\\cyrus\\AppData\\Local\\Temp\\_MEI86362\\PyQt5\\Qt5\\plugins', 'QML2_IMPORT_PATH': 'C:\\Users\\cyrus\\AppData\\Local\\Temp\\_MEI86362\\PyQt5\\Qt5\\qml', 'PYGAME_HIDE_SUPPORT_PROMPT': '1'})
2024-04-18 12:35:58,807 - DEBUG - Start playback function called.
2024-04-18 12:35:58,807 - DEBUG - Starting playback.
2024-04-18 12:35:58,869 - DEBUG - Starting playback for sound type: modulated
2024-04-18 12:35:58,869 - DEBUG - Started modulated playback.
2024-04-18 12:35:58,972 - DEBUG - Check status function called.
2024-04-18 12:35:59,082 - DEBUG - Check status function called.
2024-04-18 12:35:59,191 - DEBUG - Check status function called.
2024-04-18 12:35:59,299 - DEBUG - Check status function called.
2024-04-18 12:35:59,407 - DEBUG - Check status function called.
2024-04-18 12:35:59,407 - DEBUG - Stop playback function called.
2024-04-18 12:35:59,453 - DEBUG - Mixer quit and playback stopped.
2024-04-18 12:36:04,694 - DEBUG - Start playback function called.
2024-04-18 12:36:04,694 - DEBUG - Starting playback.
2024-04-18 12:36:04,744 - DEBUG - Starting playback for sound type: modulated
2024-04-18 12:36:04,744 - DEBUG - Started modulated playback.
2024-04-18 12:36:04,843 - DEBUG - Check status function called.
2024-04-18 12:36:04,950 - DEBUG - Check status function called.
2024-04-18 12:36:05,060 - DEBUG - Check status function called.
2024-04-18 12:36:05,184 - DEBUG - Check status function called.
2024-04-18 12:36:05,280 - DEBUG - Check status function called.
2024-04-18 12:36:05,281 - DEBUG - Stop playback function called.
2024-04-18 12:36:05,311 - DEBUG - Mixer quit and playback stopped.
2024-04-18 12:36:22,976 - DEBUG - environ({'ALLUSERSPROFILE': 'C:\\ProgramData', 'APPDATA': 'C:\\Users\\cyrus\\AppData\\Roaming', 'COMMONPROGRAMFILES': 'C:\\Program Files\\Common Files', 'COMMONPROGRAMFILES(X86)': 'C:\\Program Files (x86)\\Common Files', 'COMMONPROGRAMW6432': 'C:\\Program Files\\Common Files', 'COMPUTERNAME': 'WIN-CTRDOI8HHRK', 'COMSPEC': 'C:\\WINDOWS\\system32\\cmd.exe', 'DRIVERDATA': 'C:\\Windows\\System32\\Drivers\\DriverData', 'EFC_14576': '1', 'FPS_BROWSER_APP_PROFILE_STRING': 'Internet Explorer', 'FPS_BROWSER_USER_PROFILE_STRING': 'Default', 'HOMEDRIVE': 'C:', 'HOMEPATH': '\\Users\\cyrus', 'LOCALAPPDATA': 'C:\\Users\\cyrus\\AppData\\Local', 'LOGONSERVER': '\\\\WIN-CTRDOI8HHRK', 'NUMBER_OF_PROCESSORS': '12', 'ONEDRIVE': 'C:\\Users\\cyrus\\OneDrive', 'ONEDRIVECONSUMER': 'C:\\Users\\cyrus\\OneDrive', 'OS': 'Windows_NT', 'PATH': 'C:\\Users\\cyrus\\AppData\\Local\\Temp\\_MEI63162\\PyQt5\\Qt5\\bin;C:\\Users\\cyrus\\AppData\\Local\\Temp\\_MEI63162;C:\\Program Files\\Eclipse Adoptium\\jdk-21.0.2.13-hotspot\\bin;C:\\WINDOWS\\system32;C:\\WINDOWS;C:\\WINDOWS\\System32\\Wbem;C:\\WINDOWS\\System32\\WindowsPowerShell\\v1.0\\;C:\\WINDOWS\\System32\\OpenSSH\\;C:\\Program Files\\Git\\cmd;C:\\Users\\cyrus\\AppData\\Local\\Microsoft\\WindowsApps;C:\\Users\\cyrus\\AppData\\Local\\Programs\\Microsoft VS Code\\bin;C:\\Users\\cyrus\\AppData\\Local\\GitHubDesktop\\bin;C:\\Users\\cyrus\\AppData\\Local\\Temp\\_MEI63162\\pygame', 'PATHEXT': '.COM;.EXE;.BAT;.CMD;.VBS;.VBE;.JS;.JSE;.WSF;.WSH;.MSC', 'PROCESSOR_ARCHITECTURE': 'AMD64', 'PROCESSOR_IDENTIFIER': 'Intel64 Family 6 Model 154 Stepping 4, GenuineIntel', 'PROCESSOR_LEVEL': '6', 'PROCESSOR_REVISION': '9a04', 'PROGRAMDATA': 'C:\\ProgramData', 'PROGRAMFILES': 'C:\\Program Files', 'PROGRAMFILES(X86)': 'C:\\Program Files (x86)', 'PROGRAMW6432': 'C:\\Program Files', 'PSMODULEPATH': 'C:\\Program Files\\WindowsPowerShell\\Modules;C:\\WINDOWS\\system32\\WindowsPowerShell\\v1.0\\Modules', 'PUBLIC': 'C:\\Users\\Public', 'SESSIONNAME': 'Console', 'SYSTEMDRIVE': 'C:', 'SYSTEMROOT': 'C:\\WINDOWS', 'TEMP': 'C:\\Users\\cyrus\\AppData\\Local\\Temp', 'TMP': 'C:\\Users\\cyrus\\AppData\\Local\\Temp', 'USERDOMAIN': 'WIN-CTRDOI8HHRK', 'USERDOMAIN_ROAMINGPROFILE': 'WIN-CTRDOI8HHRK', 'USERNAME': 'cyrus', 'USERPROFILE': 'C:\\Users\\cyrus', 'WINDIR': 'C:\\WINDOWS', 'ZES_ENABLE_SYSMAN': '1', 'TCL_LIBRARY': 'C:\\Users\\cyrus\\AppData\\Local\\Temp\\_MEI63162\\tcl', 'TK_LIBRARY': 'C:\\Users\\cyrus\\AppData\\Local\\Temp\\_MEI63162\\tk', 'QT_PLUGIN_PATH': 'C:\\Users\\cyrus\\AppData\\Local\\Temp\\_MEI63162\\PyQt5\\Qt5\\plugins', 'QML2_IMPORT_PATH': 'C:\\Users\\cyrus\\AppData\\Local\\Temp\\_MEI63162\\PyQt5\\Qt5\\qml', 'PYGAME_HIDE_SUPPORT_PROMPT': '1'})
2024-04-18 12:55:32,757 - DEBUG - environ({'ALLUSERSPROFILE': 'C:\\ProgramData', 'APPDATA': 'C:\\Users\\cyrus\\AppData\\Roaming', 'COMMONPROGRAMFILES': 'C:\\Program Files\\Common Files', 'COMMONPROGRAMFILES(X86)': 'C:\\Program Files (x86)\\Common Files', 'COMMONPROGRAMW6432': 'C:\\Program Files\\Common Files', 'COMPUTERNAME': 'WIN-CTRDOI8HHRK', 'COMSPEC': 'C:\\WINDOWS\\system32\\cmd.exe', 'DRIVERDATA': 'C:\\Windows\\System32\\Drivers\\DriverData', 'EFC_14576': '1', 'FPS_BROWSER_APP_PROFILE_STRING': 'Internet Explorer', 'FPS_BROWSER_USER_PROFILE_STRING': 'Default', 'HOMEDRIVE': 'C:', 'HOMEPATH': '\\Users\\cyrus', 'LOCALAPPDATA': 'C:\\Users\\cyrus\\AppData\\Local', 'LOGONSERVER': '\\\\WIN-CTRDOI8HHRK', 'NUMBER_OF_PROCESSORS': '12', 'ONEDRIVE': 'C:\\Users\\cyrus\\OneDrive', 'ONEDRIVECONSUMER': 'C:\\Users\\cyrus\\OneDrive', 'OS': 'Windows_NT', 'PATH': 'C:\\Users\\cyrus\\AppData\\Local\\Temp\\_MEI127602\\PyQt5\\Qt5\\bin;C:\\Users\\cyrus\\AppData\\Local\\Temp\\_MEI127602;C:\\Program Files\\Eclipse Adoptium\\jdk-21.0.2.13-hotspot\\bin;C:\\WINDOWS\\system32;C:\\WINDOWS;C:\\WINDOWS\\System32\\Wbem;C:\\WINDOWS\\System32\\WindowsPowerShell\\v1.0\\;C:\\WINDOWS\\System32\\OpenSSH\\;C:\\Program Files\\Git\\cmd;C:\\Users\\cyrus\\AppData\\Local\\Microsoft\\WindowsApps;C:\\Users\\cyrus\\AppData\\Local\\Programs\\Microsoft VS Code\\bin;C:\\Users\\cyrus\\AppData\\Local\\GitHubDesktop\\bin;C:\\Users\\cyrus\\AppData\\Local\\Temp\\_MEI127602\\pygame', 'PATHEXT': '.COM;.EXE;.BAT;.CMD;.VBS;.VBE;.JS;.JSE;.WSF;.WSH;.MSC', 'PROCESSOR_ARCHITECTURE': 'AMD64', 'PROCESSOR_IDENTIFIER': 'Intel64 Family 6 Model 154 Stepping 4, GenuineIntel', 'PROCESSOR_LEVEL': '6', 'PROCESSOR_REVISION': '9a04', 'PROGRAMDATA': 'C:\\ProgramData', 'PROGRAMFILES': 'C:\\Program Files', 'PROGRAMFILES(X86)': 'C:\\Program Files (x86)', 'PROGRAMW6432': 'C:\\Program Files', 'PSMODULEPATH': 'C:\\Program Files\\WindowsPowerShell\\Modules;C:\\WINDOWS\\system32\\WindowsPowerShell\\v1.0\\Modules', 'PUBLIC': 'C:\\Users\\Public', 'SESSIONNAME': 'Console', 'SYSTEMDRIVE': 'C:', 'SYSTEMROOT': 'C:\\WINDOWS', 'TEMP': 'C:\\Users\\cyrus\\AppData\\Local\\Temp', 'TMP': 'C:\\Users\\cyrus\\AppData\\Local\\Temp', 'USERDOMAIN': 'WIN-CTRDOI8HHRK', 'USERDOMAIN_ROAMINGPROFILE': 'WIN-CTRDOI8HHRK', 'USERNAME': 'cyrus', 'USERPROFILE': 'C:\\Users\\cyrus', 'WINDIR': 'C:\\WINDOWS', 'ZES_ENABLE_SYSMAN': '1', '__COMPAT_LAYER': 'DetectorsAppHealth', 'TCL_LIBRARY': 'C:\\Users\\cyrus\\AppData\\Local\\Temp\\_MEI127602\\tcl', 'TK_LIBRARY': 'C:\\Users\\cyrus\\AppData\\Local\\Temp\\_MEI127602\\tk', 'QT_PLUGIN_PATH': 'C:\\Users\\cyrus\\AppData\\Local\\Temp\\_MEI127602\\PyQt5\\Qt5\\plugins', 'QML2_IMPORT_PATH': 'C:\\Users\\cyrus\\AppData\\Local\\Temp\\_MEI127602\\PyQt5\\Qt5\\qml', 'PYGAME_HIDE_SUPPORT_PROMPT': '1'})
2024-04-18 12:55:39,690 - DEBUG - Start playback function called.
2024-04-18 12:55:39,690 - DEBUG - Starting playback.
2024-04-18 12:55:39,744 - DEBUG - Starting playback for sound type: modulated
2024-04-18 12:55:39,744 - DEBUG - Started modulated playback.
2024-04-18 12:55:39,842 - DEBUG - Check status function called.
2024-04-18 12:55:39,951 - DEBUG - Check status function called.
2024-04-18 12:55:40,061 - DEBUG - Check status function called.
2024-04-18 12:55:40,171 - DEBUG - Check status function called.
2024-04-18 12:55:40,281 - DEBUG - Check status function called.
2024-04-18 12:55:40,390 - DEBUG - Check status function called.
2024-04-18 12:55:40,500 - DEBUG - Check status function called.
2024-04-18 12:55:40,609 - DEBUG - Check status function called.
2024-04-18 12:55:40,719 - DEBUG - Check status function called.
2024-04-18 12:55:40,829 - DEBUG - Check status function called.
2024-04-18 12:55:40,938 - DEBUG - Check status function called.
2024-04-18 12:55:41,046 - DEBUG - Check status function called.
2024-04-18 12:55:41,154 - DEBUG - Check status function called.
2024-04-18 12:55:41,264 - DEBUG - Check status function called.
2024-04-18 12:55:41,264 - DEBUG - Stop playback function called.
2024-04-18 12:55:41,300 - DEBUG - Mixer quit and playback stopped.
2024-04-18 12:55:41,737 - DEBUG - Start playback function called.
2024-04-18 12:55:41,737 - DEBUG - Starting playback.
2024-04-18 12:55:41,786 - DEBUG - Starting playback for sound type: modulated
2024-04-18 12:55:41,787 - DEBUG - Started modulated playback.
2024-04-18 12:55:41,899 - DEBUG - Check status function called.
2024-04-18 12:55:42,008 - DEBUG - Check status function called.
2024-04-18 12:55:42,117 - DEBUG - Check status function called.
2024-04-18 12:55:42,226 - DEBUG - Check status function called.
2024-04-18 12:55:42,334 - DEBUG - Check status function called.
2024-04-18 12:55:42,444 - DEBUG - Check status function called.
2024-04-18 12:55:42,555 - DEBUG - Check status function called.
2024-04-18 12:55:42,664 - DEBUG - Check status function called.
2024-04-18 12:55:42,774 - DEBUG - Check status function called.
2024-04-18 12:55:42,883 - DEBUG - Check status function called.
2024-04-18 12:55:42,993 - DEBUG - Check status function called.
2024-04-18 12:55:43,101 - DEBUG - Check status function called.
2024-04-18 12:55:43,208 - DEBUG - Check status function called.
2024-04-18 12:55:43,315 - DEBUG - Check status function called.
2024-04-18 12:55:43,315 - DEBUG - Stop playback function called.
2024-04-18 12:55:43,349 - DEBUG - Mixer quit and playback stopped.
